<?xml version="1.0" encoding="UTF-8"?>
<!-- Generated by org.testng.reporters.JUnitXMLReporter -->
<testsuite ignored="0" hostname="DK" failures="0" tests="4" name="Test" time="35.749" errors="0" timestamp="2024-01-24T12:33:08 IST">
  <testcase classname="Testcases.Tc_003_login_dataprovider" name="login_dataprovider" time="1.982"/>
  <testcase classname="Testcases.Tc_003_login_dataprovider" name="login_dataprovider" time="10.674"/>
  <testcase classname="Testcases.Tc_003_login_dataprovider" name="login_dataprovider" time="10.776"/>
  <testcase classname="Testcases.Tc_003_login_dataprovider" name="login_dataprovider" time="8.139"/>
</testsuite> <!-- Test -->
