<?xml version="1.0" encoding="UTF-8"?>
<!-- Generated by org.testng.reporters.JUnitXMLReporter -->
<testsuite ignored="0" hostname="DK" failures="0" tests="5" name="Test1" time="40.878" errors="0" timestamp="2024-01-11T02:34:41 IST">
  <testcase classname="Testcases.Tc_003_login_dataprovider" name="login_dataprovider" time="2.124"/>
  <testcase classname="Testcases.Tc_003_login_dataprovider" name="login_dataprovider" time="10.727"/>
  <testcase classname="Testcases.Tc_003_login_dataprovider" name="login_dataprovider" time="10.812"/>
  <testcase classname="Testcases.Tc_003_login_dataprovider" name="login_dataprovider" time="10.708"/>
  <testcase classname="Testcases.Tc_003_login_dataprovider" name="login_dataprovider" time="2.177"/>
</testsuite> <!-- Test1 -->
