<?xml version="1.0" encoding="UTF-8"?>
<!-- Generated by org.testng.reporters.JUnitXMLReporter -->
<testsuite ignored="0" hostname="DK" failures="1" tests="1" name="Test(failed)" time="4.73" errors="0" timestamp="2024-01-11T17:05:53 IST">
  <testcase classname="Testcases.Tc_001_registeration" name="testmethod" time="1.318">
    <failure type="java.lang.AssertionError" message="null">
      <![CDATA[java.lang.AssertionError: null
at Testcases.Tc_001_registeration.testmethod(Tc_001_registeration.java:47)
at java.base/java.util.ArrayList.forEach(ArrayList.java:1511)
... Removed 29 stack frames]]>
    </failure>
  </testcase> <!-- testmethod -->
</testsuite> <!-- Test(failed) -->
