<?xml version="1.0" encoding="UTF-8"?>
<testng-results ignored="0" total="0" passed="0" failed="0" skipped="0">
  <reporter-output>
  </reporter-output>
  <suite started-at="2024-01-15T15:49:50 IST" name="Suite" finished-at="2024-01-15T15:49:54 IST" duration-ms="4609">
    <groups>
      <group name="master">
        <method signature="Tc_003_login_dataprovider.login_dataprovider(java.lang.String,java.lang.String,java.lang.String)[pri:0, instance:Testcases.Tc_003_login_dataprovider@359f7cdf]" name="login_dataprovider" class="Testcases.Tc_003_login_dataprovider"/>
      </group> <!-- master -->
    </groups>
    <test started-at="2024-01-15T15:49:50 IST" name="Test" finished-at="2024-01-15T15:49:54 IST" duration-ms="4609">
      <class name="Testcases.Tc_003_login_dataprovider">
        <test-method is-config="true" signature="setup(java.lang.String,java.lang.String)[pri:0, instance:Testcases.Tc_003_login_dataprovider@359f7cdf]" started-at="2024-01-15T15:49:50 IST" name="setup" finished-at="2024-01-15T15:49:53 IST" duration-ms="2672" status="PASS">
          <params>
            <param index="0">
              <value>
                <![CDATA[chrome]]>
              </value>
            </param>
            <param index="1">
              <value>
                <![CDATA[windows]]>
              </value>
            </param>
          </params>
          <reporter-output>
          </reporter-output>
        </test-method> <!-- setup -->
        <test-method is-config="true" signature="exit()[pri:0, instance:Testcases.Tc_003_login_dataprovider@359f7cdf]" started-at="2024-01-15T15:49:54 IST" name="exit" finished-at="2024-01-15T15:49:54 IST" duration-ms="102" status="PASS">
          <reporter-output>
          </reporter-output>
        </test-method> <!-- exit -->
      </class> <!-- Testcases.Tc_003_login_dataprovider -->
    </test> <!-- Test -->
  </suite> <!-- Suite -->
</testng-results>
