<?xml version="1.0" encoding="UTF-8"?>
<testng-results ignored="0" total="4" passed="4" failed="0" skipped="0">
  <reporter-output>
  </reporter-output>
  <suite started-at="2024-01-24T12:32:31 IST" name="Suite" finished-at="2024-01-24T12:33:07 IST" duration-ms="35749">
    <groups>
      <group name="master">
        <method signature="Tc_003_login_dataprovider.login_dataprovider(java.lang.String,java.lang.String,java.lang.String)[pri:0, instance:Testcases.Tc_003_login_dataprovider@1ed4ae0f]" name="login_dataprovider" class="Testcases.Tc_003_login_dataprovider"/>
      </group> <!-- master -->
    </groups>
    <test started-at="2024-01-24T12:32:31 IST" name="Test" finished-at="2024-01-24T12:33:07 IST" duration-ms="35749">
      <class name="Testcases.Tc_003_login_dataprovider">
        <test-method is-config="true" signature="setup(java.lang.String,java.lang.String)[pri:0, instance:Testcases.Tc_003_login_dataprovider@1ed4ae0f]" started-at="2024-01-24T12:32:31 IST" name="setup" finished-at="2024-01-24T12:32:34 IST" duration-ms="2710" status="PASS">
          <params>
            <param index="0">
              <value>
                <![CDATA[chrome]]>
              </value>
            </param>
            <param index="1">
              <value>
                <![CDATA[windows]]>
              </value>
            </param>
          </params>
          <reporter-output>
          </reporter-output>
        </test-method> <!-- setup -->
        <test-method signature="login_dataprovider(java.lang.String,java.lang.String,java.lang.String)[pri:0, instance:Testcases.Tc_003_login_dataprovider@1ed4ae0f]" started-at="2024-01-24T12:32:35 IST" name="login_dataprovider" data-provider="logindata" finished-at="2024-01-24T12:32:37 IST" duration-ms="1982" status="PASS">
          <params>
            <param index="0">
              <value>
                <![CDATA[dilipmohapatra8@gmail.com]]>
              </value>
            </param>
            <param index="1">
              <value>
                <![CDATA[test@123]]>
              </value>
            </param>
            <param index="2">
              <value>
                <![CDATA[valid]]>
              </value>
            </param>
          </params>
          <reporter-output>
          </reporter-output>
        </test-method> <!-- login_dataprovider -->
        <test-method signature="login_dataprovider(java.lang.String,java.lang.String,java.lang.String)[pri:0, instance:Testcases.Tc_003_login_dataprovider@1ed4ae0f]" started-at="2024-01-24T12:32:37 IST" name="login_dataprovider" data-provider="logindata" finished-at="2024-01-24T12:32:48 IST" duration-ms="10674" status="PASS">
          <params>
            <param index="0">
              <value>
                <![CDATA[lakshmi@yahoo.com]]>
              </value>
            </param>
            <param index="1">
              <value>
                <![CDATA[Laxmi]]>
              </value>
            </param>
            <param index="2">
              <value>
                <![CDATA[Invalid]]>
              </value>
            </param>
          </params>
          <reporter-output>
          </reporter-output>
        </test-method> <!-- login_dataprovider -->
        <test-method signature="login_dataprovider(java.lang.String,java.lang.String,java.lang.String)[pri:0, instance:Testcases.Tc_003_login_dataprovider@1ed4ae0f]" started-at="2024-01-24T12:32:48 IST" name="login_dataprovider" data-provider="logindata" finished-at="2024-01-24T12:32:59 IST" duration-ms="10776" status="PASS">
          <params>
            <param index="0">
              <value>
                <![CDATA[laksh@yahoo.com]]>
              </value>
            </param>
            <param index="1">
              <value>
                <![CDATA[Lakshmi]]>
              </value>
            </param>
            <param index="2">
              <value>
                <![CDATA[Invalid]]>
              </value>
            </param>
          </params>
          <reporter-output>
          </reporter-output>
        </test-method> <!-- login_dataprovider -->
        <test-method signature="login_dataprovider(java.lang.String,java.lang.String,java.lang.String)[pri:0, instance:Testcases.Tc_003_login_dataprovider@1ed4ae0f]" started-at="2024-01-24T12:32:59 IST" name="login_dataprovider" data-provider="logindata" finished-at="2024-01-24T12:33:07 IST" duration-ms="8139" status="PASS">
          <params>
            <param index="0">
              <value>
                <![CDATA[laks@yahoo.com]]>
              </value>
            </param>
            <param index="1">
              <value>
                <![CDATA[xyz]]>
              </value>
            </param>
            <param index="2">
              <value>
                <![CDATA[Invalid]]>
              </value>
            </param>
          </params>
          <reporter-output>
          </reporter-output>
        </test-method> <!-- login_dataprovider -->
        <test-method is-config="true" signature="exit()[pri:0, instance:Testcases.Tc_003_login_dataprovider@1ed4ae0f]" started-at="2024-01-24T12:33:07 IST" name="exit" finished-at="2024-01-24T12:33:07 IST" duration-ms="189" status="PASS">
          <reporter-output>
          </reporter-output>
        </test-method> <!-- exit -->
      </class> <!-- Testcases.Tc_003_login_dataprovider -->
    </test> <!-- Test -->
  </suite> <!-- Suite -->
</testng-results>
