<?xml version="1.0" encoding="UTF-8"?>
<testng-results ignored="0" total="1" passed="1" failed="0" skipped="0">
  <reporter-output>
  </reporter-output>
  <suite started-at="2024-01-16T10:33:09 IST" name="Default suite" finished-at="2024-01-16T10:33:09 IST" duration-ms="54">
    <groups>
    </groups>
    <test started-at="2024-01-16T10:33:09 IST" name="Default test" finished-at="2024-01-16T10:33:09 IST" duration-ms="54">
      <class name="Testcases.prc">
        <test-method signature="methods()[pri:0, instance:Testcases.prc@61001b64]" started-at="2024-01-16T10:33:09 IST" name="methods" finished-at="2024-01-16T10:33:09 IST" duration-ms="13" status="PASS">
          <reporter-output>
          </reporter-output>
        </test-method> <!-- methods -->
      </class> <!-- Testcases.prc -->
    </test> <!-- Default test -->
  </suite> <!-- Default suite -->
</testng-results>
